2020-01-23 22:23:51,374 - test.Test1 -INFO - This is a test. Don't worry.
2020-01-23 22:23:51,374 [main] INFO test.Test1 - This is a test. Don't worry.
2020-01-26 22:28:26,505 - test.Test1 -INFO - This is a test. Don't worry.
2020-01-26 22:28:26,505 [main] INFO test.Test1 - This is a test. Don't worry.
2020-02-15 21:04:21,246 - test.Test1 -INFO - This is a test. Don't worry.
2020-02-15 21:04:21,246 [main] INFO test.Test1 - This is a test. Don't worry.
2020-02-15 21:04:21,274 - screenshot.ScreenShot -INFO - 
2020-02-15 21:04:21,274 [main] INFO screenshot.ScreenShot - null
2020-02-15 21:05:50,633 - test.Test1 -INFO - This is a test. Don't worry.
2020-02-15 21:05:50,633 [main] INFO test.Test1 - This is a test. Don't worry.
2020-02-15 21:05:50,676 - screenshot.ScreenShot -INFO - 
2020-02-15 21:05:50,676 [main] INFO screenshot.ScreenShot - null
2020-02-15 21:09:48,847 - test.Test1 -INFO - This is a test. Don't worry.
2020-02-15 21:09:48,847 [main] INFO test.Test1 - This is a test. Don't worry.
2020-02-15 21:09:49,318 - screenshot.ScreenShot -INFO - Screenshot Taken
2020-02-15 21:09:49,318 [main] INFO screenshot.ScreenShot - Screenshot Taken
2020-02-15 21:16:13,503 - test.Test1 -INFO - This is a test. Don't worry.
2020-02-15 21:16:13,503 [main] INFO test.Test1 - This is a test. Don't worry.
2020-02-15 21:16:13,519 - screenshot.ScreenShot -INFO - 
2020-02-15 21:16:13,519 [main] INFO screenshot.ScreenShot - null
2020-02-15 21:18:32,856 - test.Test1 -INFO - This is a test. Don't worry.
2020-02-15 21:18:32,856 [main] INFO test.Test1 - This is a test. Don't worry.
2020-02-15 21:18:33,386 - screenshot.ScreenShot -INFO - Screenshot Taken
2020-02-15 21:18:33,386 [main] INFO screenshot.ScreenShot - Screenshot Taken
2020-02-16 22:27:10,029 - test.Test1 -INFO - This is a test. Don't worry.
2020-02-16 22:27:10,029 [main] INFO test.Test1 - This is a test. Don't worry.
2020-02-16 22:28:14,669 - test.Test1 -INFO - This is a test. Don't worry.
2020-02-16 22:28:14,669 [main] INFO test.Test1 - This is a test. Don't worry.
2020-02-16 22:28:18,639 - test.Test1 -INFO - admin
2020-02-16 22:28:18,639 [main] INFO test.Test1 - admin
2020-02-16 22:28:18,639 - test.Test1 -INFO - 1234
2020-02-16 22:28:18,639 [main] INFO test.Test1 - 1234
2020-02-16 22:28:19,419 - screenshot.ScreenShot -INFO - Screenshot Taken
2020-02-16 22:28:19,419 [main] INFO screenshot.ScreenShot - Screenshot Taken
2020-02-17 22:33:38,751 - test.Test1 -INFO - This is a test. Don't worry.
2020-02-17 22:33:38,751 [main] INFO test.Test1 - This is a test. Don't worry.
2020-02-17 22:33:42,250 - test.Test1 -INFO - admin
2020-02-17 22:33:42,250 [main] INFO test.Test1 - admin
2020-02-17 22:33:42,250 - test.Test1 -INFO - 1234
2020-02-17 22:33:42,250 [main] INFO test.Test1 - 1234
2020-02-17 22:33:43,144 - screenshot.ScreenShot -INFO - Screenshot Taken
2020-02-17 22:33:43,144 [main] INFO screenshot.ScreenShot - Screenshot Taken
2021-09-01 00:09:19,778 - test.Test1 -INFO - This is a test. Don't worry.
2021-09-01 00:09:19,778 [main] INFO test.Test1 - This is a test. Don't worry.
2021-09-01 00:09:21,274 - test.Test1 -INFO - admin
2021-09-01 00:09:21,274 [main] INFO test.Test1 - admin
2021-09-01 00:09:21,275 - test.Test1 -INFO - 1234
2021-09-01 00:09:21,275 [main] INFO test.Test1 - 1234
2021-09-01 00:09:21,534 - screenshot.ScreenShot -INFO - Screenshot Taken
2021-09-01 00:09:21,534 [main] INFO screenshot.ScreenShot - Screenshot Taken
2021-09-02 00:55:27,424 - test.Test1 -INFO - This is a test. Don't worry.
2021-09-02 00:55:27,424 [main] INFO test.Test1 - This is a test. Don't worry.
2021-09-02 00:55:28,982 - test.Test1 -INFO - admin
2021-09-02 00:55:28,982 [main] INFO test.Test1 - admin
2021-09-02 00:55:28,983 - test.Test1 -INFO - 1234
2021-09-02 00:55:28,983 [main] INFO test.Test1 - 1234
2021-09-02 00:55:29,258 - screenshot.ScreenShot -INFO - Screenshot Taken
2021-09-02 00:55:29,258 [main] INFO screenshot.ScreenShot - Screenshot Taken
2021-12-16 06:30:40,038 - test.Test1 -INFO - Test Login
2021-12-16 06:30:40,038 [main] INFO test.Test1 - Test Login
2021-12-16 06:30:41,480 - test.Test1 -INFO - admin
2021-12-16 06:30:41,480 [main] INFO test.Test1 - admin
2021-12-16 06:30:41,481 - test.Test1 -INFO - 1234
2021-12-16 06:30:41,481 [main] INFO test.Test1 - 1234
2021-12-16 06:30:41,776 - screenshot.ScreenShot -INFO - Screenshot Taken
2021-12-16 06:30:41,776 [main] INFO screenshot.ScreenShot - Screenshot Taken
2021-12-17 08:54:54,049 - test.LoginTest -INFO - Test Login
2021-12-17 08:54:54,049 [main] INFO test.LoginTest - Test Login
2021-12-17 08:54:54,802 - test.LoginTest -INFO - admin
2021-12-17 08:54:54,802 [main] INFO test.LoginTest - admin
2021-12-17 08:54:54,802 - test.LoginTest -INFO - 1234
2021-12-17 08:54:54,802 [main] INFO test.LoginTest - 1234
2021-12-17 08:54:54,828 - pageClasses.LoginPage -INFO - Username
2021-12-17 08:54:54,828 [main] INFO pageClasses.LoginPage - Username
2021-12-17 08:54:54,900 - pageClasses.LoginPage -INFO - Entered Username
2021-12-17 08:54:54,900 [main] INFO pageClasses.LoginPage - Entered Username
2021-12-17 08:54:54,901 - pageClasses.LoginPage -INFO - Enter Password
2021-12-17 08:54:54,901 [main] INFO pageClasses.LoginPage - Enter Password
2021-12-17 08:54:57,016 - pageClasses.LoginPage -INFO - Clicked on Login Button
2021-12-17 08:54:57,016 [main] INFO pageClasses.LoginPage - Clicked on Login Button
2021-12-17 08:54:57,057 - test.LoginTest -INFO - Invalid credentials
2021-12-17 08:54:57,057 [main] INFO test.LoginTest - Invalid credentials
2021-12-17 08:54:57,295 - screenshot.ScreenShot -INFO - Screenshot Taken
2021-12-17 08:54:57,295 [main] INFO screenshot.ScreenShot - Screenshot Taken
2021-12-17 08:55:37,731 - test.LoginTest -INFO - Test Login
2021-12-17 08:55:37,731 [main] INFO test.LoginTest - Test Login
2021-12-17 08:55:38,332 - test.LoginTest -INFO - admin
2021-12-17 08:55:38,332 [main] INFO test.LoginTest - admin
2021-12-17 08:55:38,333 - test.LoginTest -INFO - 1234
2021-12-17 08:55:38,333 [main] INFO test.LoginTest - 1234
2021-12-17 08:55:38,351 - pageClasses.LoginPage -INFO - Username
2021-12-17 08:55:38,351 [main] INFO pageClasses.LoginPage - Username
2021-12-17 08:55:38,411 - pageClasses.LoginPage -INFO - Entered Username
2021-12-17 08:55:38,411 [main] INFO pageClasses.LoginPage - Entered Username
2021-12-17 08:55:38,411 - pageClasses.LoginPage -INFO - Enter Password
2021-12-17 08:55:38,411 [main] INFO pageClasses.LoginPage - Enter Password
2021-12-17 08:55:40,285 - pageClasses.LoginPage -INFO - Clicked on Login Button
2021-12-17 08:55:40,285 [main] INFO pageClasses.LoginPage - Clicked on Login Button
2021-12-17 08:55:40,321 - test.LoginTest -INFO - Invalid credentials
2021-12-17 08:55:40,321 [main] INFO test.LoginTest - Invalid credentials
2021-12-17 08:55:40,532 - screenshot.ScreenShot -INFO - Screenshot Taken
2021-12-17 08:55:40,532 [main] INFO screenshot.ScreenShot - Screenshot Taken
2021-12-18 03:54:01,171 - test.LoginTest -INFO - Test Login
2021-12-18 03:54:01,171 [main] INFO test.LoginTest - Test Login
2021-12-18 03:54:02,541 - test.LoginTest -INFO - admin
2021-12-18 03:54:02,541 [main] INFO test.LoginTest - admin
2021-12-18 03:54:02,542 - test.LoginTest -INFO - 1234
2021-12-18 03:54:02,542 [main] INFO test.LoginTest - 1234
2021-12-18 03:54:02,571 - pageClasses.LoginPage -INFO - Username
2021-12-18 03:54:02,571 [main] INFO pageClasses.LoginPage - Username
2021-12-18 03:54:02,680 - pageClasses.LoginPage -INFO - Entered Username
2021-12-18 03:54:02,680 [main] INFO pageClasses.LoginPage - Entered Username
2021-12-18 03:54:02,681 - pageClasses.LoginPage -INFO - Enter Password
2021-12-18 03:54:02,681 [main] INFO pageClasses.LoginPage - Enter Password
2021-12-18 03:54:05,008 - pageClasses.LoginPage -INFO - Clicked on Login Button
2021-12-18 03:54:05,008 [main] INFO pageClasses.LoginPage - Clicked on Login Button
2021-12-18 03:54:05,061 - test.LoginTest -INFO - Invalid credentials
2021-12-18 03:54:05,061 [main] INFO test.LoginTest - Invalid credentials
2021-12-18 03:54:05,381 - screenshot.ScreenShot -INFO - Screenshot Taken
2021-12-18 03:54:05,381 [main] INFO screenshot.ScreenShot - Screenshot Taken
2021-12-18 04:00:42,714 - test.LoginTest -INFO - Test Login
2021-12-18 04:00:42,714 [main] INFO test.LoginTest - Test Login
2021-12-18 04:00:44,278 - test.LoginTest -INFO - admin
2021-12-18 04:00:44,278 [main] INFO test.LoginTest - admin
2021-12-18 04:00:44,278 - test.LoginTest -INFO - 1234
2021-12-18 04:00:44,278 [main] INFO test.LoginTest - 1234
2021-12-18 04:00:44,324 - pageClasses.LoginPage -INFO - Username
2021-12-18 04:00:44,324 [main] INFO pageClasses.LoginPage - Username
2021-12-18 04:00:44,441 - pageClasses.LoginPage -INFO - Entered Username
2021-12-18 04:00:44,441 [main] INFO pageClasses.LoginPage - Entered Username
2021-12-18 04:00:44,442 - pageClasses.LoginPage -INFO - Enter Password
2021-12-18 04:00:44,442 [main] INFO pageClasses.LoginPage - Enter Password
2021-12-18 04:00:46,395 - pageClasses.LoginPage -INFO - Clicked on Login Button
2021-12-18 04:00:46,395 [main] INFO pageClasses.LoginPage - Clicked on Login Button
2021-12-18 04:00:46,450 - test.LoginTest -INFO - Invalid credentials
2021-12-18 04:00:46,450 [main] INFO test.LoginTest - Invalid credentials
2021-12-18 04:00:46,847 - screenshot.ScreenShot -INFO - Screenshot Taken
2021-12-18 04:00:46,847 [main] INFO screenshot.ScreenShot - Screenshot Taken
2021-12-18 04:01:18,772 - test.LoginTest -INFO - Test Login
2021-12-18 04:01:18,772 [main] INFO test.LoginTest - Test Login
2021-12-18 04:01:20,165 - test.LoginTest -INFO - admin
2021-12-18 04:01:20,165 [main] INFO test.LoginTest - admin
2021-12-18 04:01:20,165 - test.LoginTest -INFO - 1234
2021-12-18 04:01:20,165 [main] INFO test.LoginTest - 1234
2021-12-18 04:01:20,208 - pageClasses.LoginPage -INFO - Username
2021-12-18 04:01:20,208 [main] INFO pageClasses.LoginPage - Username
2021-12-18 04:01:20,292 - pageClasses.LoginPage -INFO - Entered Username
2021-12-18 04:01:20,292 [main] INFO pageClasses.LoginPage - Entered Username
2021-12-18 04:01:20,293 - pageClasses.LoginPage -INFO - Enter Password
2021-12-18 04:01:20,293 [main] INFO pageClasses.LoginPage - Enter Password
2021-12-18 04:01:22,564 - pageClasses.LoginPage -INFO - Clicked on Login Button
2021-12-18 04:01:22,564 [main] INFO pageClasses.LoginPage - Clicked on Login Button
2021-12-18 04:01:22,608 - test.LoginTest -INFO - Invalid credentials
2021-12-18 04:01:22,608 [main] INFO test.LoginTest - Invalid credentials
2021-12-18 04:01:22,947 - screenshot.ScreenShot -INFO - Screenshot Taken
2021-12-18 04:01:22,947 [main] INFO screenshot.ScreenShot - Screenshot Taken
2021-12-18 04:02:45,071 - test.LoginTest -INFO - Test Login
2021-12-18 04:02:45,071 [main] INFO test.LoginTest - Test Login
2021-12-18 04:02:46,474 - test.LoginTest -INFO - admin
2021-12-18 04:02:46,474 [main] INFO test.LoginTest - admin
2021-12-18 04:02:46,475 - test.LoginTest -INFO - 1234
2021-12-18 04:02:46,475 [main] INFO test.LoginTest - 1234
2021-12-18 04:02:46,505 - pageClasses.LoginPage -INFO - Username
2021-12-18 04:02:46,505 [main] INFO pageClasses.LoginPage - Username
2021-12-18 04:02:46,586 - pageClasses.LoginPage -INFO - Entered Username
2021-12-18 04:02:46,586 [main] INFO pageClasses.LoginPage - Entered Username
2021-12-18 04:02:46,588 - pageClasses.LoginPage -INFO - Enter Password
2021-12-18 04:02:46,588 [main] INFO pageClasses.LoginPage - Enter Password
2021-12-18 04:02:48,834 - pageClasses.LoginPage -INFO - Clicked on Login Button
2021-12-18 04:02:48,834 [main] INFO pageClasses.LoginPage - Clicked on Login Button
2021-12-18 04:02:48,890 - test.LoginTest -INFO - Invalid credentials
2021-12-18 04:02:48,890 [main] INFO test.LoginTest - Invalid credentials
2021-12-18 04:02:49,201 - screenshot.ScreenShot -INFO - Screenshot Taken
2021-12-18 04:02:49,201 [main] INFO screenshot.ScreenShot - Screenshot Taken
2021-12-18 04:05:14,447 - test.LoginTest -INFO - Test Login
2021-12-18 04:05:14,447 [main] INFO test.LoginTest - Test Login
2021-12-18 04:05:15,842 - test.LoginTest -INFO - admin
2021-12-18 04:05:15,842 [main] INFO test.LoginTest - admin
2021-12-18 04:05:15,844 - test.LoginTest -INFO - 1234
2021-12-18 04:05:15,844 [main] INFO test.LoginTest - 1234
2021-12-18 04:05:15,875 - pageClasses.LoginPage -INFO - Username
2021-12-18 04:05:15,875 [main] INFO pageClasses.LoginPage - Username
2021-12-18 04:05:15,977 - pageClasses.LoginPage -INFO - Entered Username
2021-12-18 04:05:15,977 [main] INFO pageClasses.LoginPage - Entered Username
2021-12-18 04:05:15,979 - pageClasses.LoginPage -INFO - Enter Password
2021-12-18 04:05:15,979 [main] INFO pageClasses.LoginPage - Enter Password
2021-12-18 04:05:18,077 - pageClasses.LoginPage -INFO - Clicked on Login Button
2021-12-18 04:05:18,077 [main] INFO pageClasses.LoginPage - Clicked on Login Button
2021-12-18 04:05:18,132 - test.LoginTest -INFO - Invalid credentials
2021-12-18 04:05:18,132 [main] INFO test.LoginTest - Invalid credentials
2021-12-18 04:05:18,445 - screenshot.ScreenShot -INFO - Screenshot Taken
2021-12-18 04:05:18,445 [main] INFO screenshot.ScreenShot - Screenshot Taken
2022-11-17 15:24:59,839 - test.LoginTest -INFO - Test Login
2022-11-17 15:24:59,839 [main] INFO test.LoginTest - Test Login
2022-11-17 15:25:00,898 - test.LoginTest -INFO - admin
2022-11-17 15:25:00,898 [main] INFO test.LoginTest - admin
2022-11-17 15:25:00,899 - test.LoginTest -INFO - 1234
2022-11-17 15:25:00,899 [main] INFO test.LoginTest - 1234
2022-11-17 15:25:00,936 - pageClasses.LoginPage -INFO - Username
2022-11-17 15:25:00,936 [main] INFO pageClasses.LoginPage - Username
2022-11-17 15:25:26,933 - test.LoginTest -INFO - Test Login
2022-11-17 15:25:26,933 [main] INFO test.LoginTest - Test Login
2022-11-17 15:25:28,060 - test.LoginTest -INFO - admin
2022-11-17 15:25:28,060 [main] INFO test.LoginTest - admin
2022-11-17 15:25:28,061 - test.LoginTest -INFO - 1234
2022-11-17 15:25:28,061 [main] INFO test.LoginTest - 1234
2022-11-17 15:25:28,107 - pageClasses.LoginPage -INFO - Username
2022-11-17 15:25:28,107 [main] INFO pageClasses.LoginPage - Username
2022-11-17 15:39:53,647 - test.LoginTest -INFO - Test Login
2022-11-17 15:39:53,647 [main] INFO test.LoginTest - Test Login
2022-11-17 15:39:54,640 - test.LoginTest -INFO - admin
2022-11-17 15:39:54,640 [main] INFO test.LoginTest - admin
2022-11-17 15:39:54,640 - test.LoginTest -INFO - 1234
2022-11-17 15:39:54,640 [main] INFO test.LoginTest - 1234
2022-11-17 15:39:54,683 - pageClasses.LoginPage -INFO - Username
2022-11-17 15:39:54,683 [main] INFO pageClasses.LoginPage - Username
2022-11-17 15:42:03,067 - test.LoginTest -INFO - Test Login
2022-11-17 15:42:03,067 [main] INFO test.LoginTest - Test Login
2022-11-17 15:42:04,023 - test.LoginTest -INFO - admin
2022-11-17 15:42:04,023 [main] INFO test.LoginTest - admin
2022-11-17 15:42:04,024 - test.LoginTest -INFO - 1234
2022-11-17 15:42:04,024 [main] INFO test.LoginTest - 1234
2022-11-17 15:42:04,070 - pageClasses.LoginPage -INFO - Username
2022-11-17 15:42:04,070 [main] INFO pageClasses.LoginPage - Username
2022-11-17 15:42:04,155 - pageClasses.LoginPage -INFO - Entered Username
2022-11-17 15:42:04,155 [main] INFO pageClasses.LoginPage - Entered Username
2022-11-17 15:42:04,156 - pageClasses.LoginPage -INFO - Enter Password
2022-11-17 15:42:04,156 [main] INFO pageClasses.LoginPage - Enter Password
2022-11-17 15:42:05,212 - pageClasses.LoginPage -INFO - Clicked on Login Button
2022-11-17 15:42:05,212 [main] INFO pageClasses.LoginPage - Clicked on Login Button
2022-11-17 15:43:24,387 - test.LoginTest -INFO - Test Login
2022-11-17 15:43:24,387 [main] INFO test.LoginTest - Test Login
2022-11-17 15:43:25,459 - test.LoginTest -INFO - admin
2022-11-17 15:43:25,459 [main] INFO test.LoginTest - admin
2022-11-17 15:43:25,460 - test.LoginTest -INFO - 1234
2022-11-17 15:43:25,460 [main] INFO test.LoginTest - 1234
2022-11-17 15:43:25,513 - pageClasses.LoginPage -INFO - Username
2022-11-17 15:43:25,513 [main] INFO pageClasses.LoginPage - Username
2022-11-17 15:43:25,588 - pageClasses.LoginPage -INFO - Entered Username
2022-11-17 15:43:25,588 [main] INFO pageClasses.LoginPage - Entered Username
2022-11-17 15:43:25,589 - pageClasses.LoginPage -INFO - Enter Password
2022-11-17 15:43:25,589 [main] INFO pageClasses.LoginPage - Enter Password
2022-11-17 15:43:25,733 - pageClasses.LoginPage -INFO - Clicked on Login Button
2022-11-17 15:43:25,733 [main] INFO pageClasses.LoginPage - Clicked on Login Button
2022-11-17 15:43:26,814 - test.LoginTest -INFO - Invalid credentials
2022-11-17 15:43:26,814 [main] INFO test.LoginTest - Invalid credentials
2022-11-17 15:43:27,077 - screenshot.ScreenShot -INFO - Screenshot Taken
2022-11-17 15:43:27,077 [main] INFO screenshot.ScreenShot - Screenshot Taken
2022-11-17 15:45:34,744 - test.LoginTest -INFO - Test Login
2022-11-17 15:45:34,744 [main] INFO test.LoginTest - Test Login
2022-11-17 15:45:35,771 - test.LoginTest -INFO - admin
2022-11-17 15:45:35,771 [main] INFO test.LoginTest - admin
2022-11-17 15:45:35,772 - test.LoginTest -INFO - 1234
2022-11-17 15:45:35,772 [main] INFO test.LoginTest - 1234
2022-11-17 15:45:35,823 - pageClasses.LoginPage -INFO - Username
2022-11-17 15:45:35,823 [main] INFO pageClasses.LoginPage - Username
2022-11-17 15:45:35,901 - pageClasses.LoginPage -INFO - Entered Username
2022-11-17 15:45:35,901 [main] INFO pageClasses.LoginPage - Entered Username
2022-11-17 15:45:35,902 - pageClasses.LoginPage -INFO - Enter Password
2022-11-17 15:45:35,902 [main] INFO pageClasses.LoginPage - Enter Password
2022-11-17 15:45:36,045 - pageClasses.LoginPage -INFO - Clicked on Login Button
2022-11-17 15:45:36,045 [main] INFO pageClasses.LoginPage - Clicked on Login Button
2022-11-17 15:45:37,205 - test.LoginTest -INFO - Invalid credentials
2022-11-17 15:45:37,205 [main] INFO test.LoginTest - Invalid credentials
2022-11-17 15:45:37,442 - screenshot.ScreenShot -INFO - Screenshot Taken
2022-11-17 15:45:37,442 [main] INFO screenshot.ScreenShot - Screenshot Taken
